<?xml version="1.0" encoding="UTF-8"?>
<!-- Generated by org.testng.reporters.JUnitReportReporter -->
<testsuite hostname="hp830g6w11" failures="0" tests="6" name="Movieapptest.HomePage" time="59.609" errors="0" timestamp="2024-02-05T21:24:13 IST" skipped="0">
  <testcase classname="Movieapptest.HomePage" name="headText" time="6.270"/>
  <testcase classname="Movieapptest.HomePage" name="checkMovLi" time="20.186"/>
  <testcase classname="Movieapptest.HomePage" name="checkOrginalList" time="15.283"/>
  <testcase classname="Movieapptest.HomePage" name="visiblePlayBtn" time="4.952"/>
  <testcase classname="Movieapptest.HomePage" name="moviesSectionChecking" time="7.888"/>
  <testcase classname="Movieapptest.HomePage" name="testTheContactSection" time="5.030"/>
</testsuite> <!-- Movieapptest.HomePage -->
