<?xml version="1.0" encoding="UTF-8"?>
<!-- Generated by org.testng.reporters.JUnitReportReporter -->
<testsuite hostname="hp830g6w11" failures="0" tests="2" name="Movieapptest.HeadSection" time="38.029" errors="0" timestamp="2024-02-05T21:24:13 IST" skipped="0">
  <testcase classname="Movieapptest.HeadSection" name="checkTheLogoElement" time="24.703"/>
  <testcase classname="Movieapptest.HeadSection" name="checkTheNavBars" time="13.326"/>
</testsuite> <!-- Movieapptest.HeadSection -->
