<?xml version="1.0" encoding="UTF-8"?>
<!-- Generated by org.testng.reporters.JUnitReportReporter -->
<testsuite hostname="hp830g6w11" failures="0" tests="9" name="Movieapptest.LoginPage" time="63.645" errors="0" timestamp="2024-02-05T21:24:13 IST" skipped="0">
  <testcase classname="Movieapptest.LoginPage" name="checkToApplication" time="6.380"/>
  <testcase classname="Movieapptest.LoginPage" name="usernameLabel" time="3.798"/>
  <testcase classname="Movieapptest.LoginPage" name="passwordLabelTest" time="3.640"/>
  <testcase classname="Movieapptest.LoginPage" name="loginbtnVisible" time="3.324"/>
  <testcase classname="Movieapptest.LoginPage" name="emptyFields" time="17.372"/>
  <testcase classname="Movieapptest.LoginPage" name="emptyUserNamefeild" time="10.685"/>
  <testcase classname="Movieapptest.LoginPage" name="emptyPassfeild" time="7.537"/>
  <testcase classname="Movieapptest.LoginPage" name="invalidCredentials" time="7.245"/>
  <testcase classname="Movieapptest.LoginPage" name="validCredentials" time="3.664"/>
</testsuite> <!-- Movieapptest.LoginPage -->
