<?xml version="1.0" encoding="UTF-8"?>
<!-- Generated by org.testng.reporters.JUnitReportReporter -->
<testsuite hostname="hp830g6w11" failures="0" tests="1" name="Movieapptest.PopularUi" time="24.168" errors="0" timestamp="2024-02-05T21:24:13 IST" skipped="0">
  <testcase classname="Movieapptest.PopularUi" name="popularClick" time="24.168"/>
</testsuite> <!-- Movieapptest.PopularUi -->
