<?xml version="1.0" encoding="UTF-8"?>
<!-- Generated by org.testng.reporters.JUnitReportReporter -->
<testsuite hostname="hp830g6w11" failures="0" tests="3" name="Movieapptest.FuntionalityOfHeaderSection" time="44.192" errors="0" timestamp="2024-02-05T21:24:13 IST" skipped="0">
  <testcase classname="Movieapptest.FuntionalityOfHeaderSection" name="checkTheHomeLink" time="11.074"/>
  <testcase classname="Movieapptest.FuntionalityOfHeaderSection" name="checkThePopularBtn" time="23.114"/>
  <testcase classname="Movieapptest.FuntionalityOfHeaderSection" name="testAccountPage" time="10.004"/>
</testsuite> <!-- Movieapptest.FuntionalityOfHeaderSection -->
