<?xml version="1.0" encoding="UTF-8"?>
<!-- Generated by org.testng.reporters.JUnitReportReporter -->
<testsuite hostname="hp830g6w11" failures="0" tests="2" name="Movieapptest.MovieDetailsPage" time="38.031" errors="0" timestamp="2024-02-05T21:24:13 IST" skipped="0">
  <testcase classname="Movieapptest.MovieDetailsPage" name="checkHomePage" time="24.033"/>
  <testcase classname="Movieapptest.MovieDetailsPage" name="checkPopularPage" time="13.998"/>
</testsuite> <!-- Movieapptest.MovieDetailsPage -->
